Exception at PC 0x000007FE9CEFBB93
Printing stacktrace...

Exception at PC 0x000007FEFDACA06D
Exception at PC 0x000007FEFDACA06D
Exception at PC 0x000007FEFDACA06D
Exception at PC 0x000007FEFDACA06D
Exception at PC 0x000007FEFDACA06D
Exception at PC 0x000007FEFDACA06D
Exception at PC 0x000007FEFDACA06D
Exception at PC 0x000007FEFDACA06D
Unable to capture context for thread 7196 in process 6560, can not generate back trace
Exception at PC 0x000007FEFDACA06D
Exception at PC 0x000007FEFDACA06D
Exception at PC 0x000007FEFDACA06D
Exception at PC 0x000007FEFDACA06D
Exception at PC 0x000007FEFDACA06D
Exception at PC 0x000007FEFDACA06D
Exception at PC 0x000007FEFDACA06D
Exception at PC 0x000007FEFDACA06D
Exception at PC 0x000007FEFDACA06D
Exception at PC 0x000007FEFDACA06D
[0]  [0x000007FE9CEFBB93]
[1]  [0x000007FE9CEFBB93]
[2]  [0x000007FE9CEFB4A1]
[3]  [0x000007FE9CEFB3EF]
[4]  [0x000007FE9CEE19FE]
[5]  [0x000007FE9CEE0ED1]
[6]  [0x000007FE9CEE0D76]
[7]  [0x000007FE9CE879F6]
[8]  [0x000007FE9CE77AFB]
[9]  [0x000007FE9CF9E90A]
[10]  [0x000007FE9CFB9F87]
[11]  [0x000007FE9CFBA05F]
[12] (BaseThreadInitThunk+0xd) [0x00000000778959CD]
[13] (RtlUserThreadStart+0x21) [0x0000000077ACA2E1]
Done
