Exception at PC 0x000007FE9C6EBB93
Printing stacktrace...

Exception at PC 0x000007FEFDACA06D
Exception at PC 0x000007FEFDACA06D
Exception at PC 0x000007FEFDACA06D
Exception at PC 0x000007FEFDACA06D
Exception at PC 0x000007FEFDACA06D
Exception at PC 0x000007FEFDACA06D
Exception at PC 0x000007FEFDACA06D
Exception at PC 0x000007FEFDACA06D
Exception at PC 0x000007FEFDACA06D
Exception at PC 0x000007FEFDACA06D
Exception at PC 0x000007FEFDACA06D
Exception at PC 0x000007FEFDACA06D
Exception at PC 0x000007FEFDACA06D
Exception at PC 0x000007FEFDACA06D
Exception at PC 0x000007FEFDACA06D
Exception at PC 0x000007FEFDACA06D
Exception at PC 0x000007FEFDACA06D
Exception at PC 0x000007FEFDACA06D
[0]  [0x000007FE9C6EBB93]
[1]  [0x000007FE9C6EBB93]
[2]  [0x000007FE9C6EB4A1]
[3]  [0x000007FE9C6EB3EF]
[4]  [0x000007FE9C6D19FE]
[5]  [0x000007FE9C6D0ED1]
[6]  [0x000007FE9C6D0D76]
[7]  [0x000007FE9C6779F6]
[8]  [0x000007FE9C667AFB]
[9]  [0x000007FE9C78E90A]
[10]  [0x000007FE9C7A9F87]
[11]  [0x000007FE9C7AA05F]
[12] (BaseThreadInitThunk+0xd) [0x00000000778959CD]
[13] (RtlUserThreadStart+0x21) [0x0000000077ACA2E1]
Done
