#-----------------------------------------------------------
# Vivado v2016.2 (64-bit)
# SW Build 1577090 on Thu Jun  2 16:32:40 MDT 2016
# IP Build 1577682 on Fri Jun  3 12:00:54 MDT 2016
# Start of session at: Wed Oct 05 17:00:58 2016
# Process ID: 2512
# Current directory: C:/Users/Tim/Google Drive/EECS_645/Homework 5/HW05_MIPS_DM_IM_Elvart/HW05_MIPS_DM_IM_Elvart/03_MIPS_Instruction_Memory/vivado_project/project_2
# Command line: vivado.exe -gui_launcher_event rodinguilauncherevent7988 C:\Users\Tim\Google Drive\EECS_645\Homework 5\HW05_MIPS_DM_IM_Elvart\HW05_MIPS_DM_IM_Elvart\03_MIPS_Instruction_Memory\vivado_project\project_2\project_2.xpr
# Log file: C:/Users/Tim/Google Drive/EECS_645/Homework 5/HW05_MIPS_DM_IM_Elvart/HW05_MIPS_DM_IM_Elvart/03_MIPS_Instruction_Memory/vivado_project/project_2/vivado.log
# Journal file: C:/Users/Tim/Google Drive/EECS_645/Homework 5/HW05_MIPS_DM_IM_Elvart/HW05_MIPS_DM_IM_Elvart/03_MIPS_Instruction_Memory/vivado_project/project_2\vivado.jou
#-----------------------------------------------------------
start_gui
open_project -part xc7k70tfbv676-1 {C:/Users/Tim/Google Drive/EECS_645/Homework 5/HW05_MIPS_DM_IM_Elvart/HW05_MIPS_DM_IM_Elvart/03_MIPS_Instruction_Memory/vivado_project/project_2/project_2.xpr}
INFO: [ProjectBase 1-489] The host OS only allows 260 characters in a normal path. The project is stored in a path with more than 80 characters. If you experience issues with IP, Block Designs, or files not being found, please consider moving the project to a location with a shorter path. Alternately consider using the OS subst command to map part of the path to a drive letter.
Current project path is 'C:/Users/Tim/Google Drive/EECS_645/Homework 5/HW05_MIPS_DM_IM_Elvart/HW05_MIPS_DM_IM_Elvart/03_MIPS_Instruction_Memory/vivado_project/project_2'
INFO: [Project 1-313] Project file moved from 'H:/EECS_645/HW05_MIPS_DM_IM/03_MIPS_Instruction_Memory/vivado_project/project_2' since last save.
Scanning sources...
Finished scanning sources
INFO: [Project 1-573] Overriding 'synth_1' run's part, 'xc7vx485tffg1157-1', with new part: 'xc7k70tfbv676-1'.
INFO: [Project 1-573] Overriding 'impl_1' run's part, 'xc7vx485tffg1157-1', with new part: 'xc7k70tfbv676-1'.
INFO: [Project 1-563] Overriding project part, 'xc7vx485tffg1157-1', with new part: 'xc7k70tfbv676-1'.
INFO: [IP_Flow 19-234] Refreshing IP repositories
INFO: [IP_Flow 19-1704] No user IP repositories specified
INFO: [IP_Flow 19-2313] Loaded Vivado IP repository 'E:/Vivado/Vivado/2016.2/data/ip'.
update_compile_order -fileset sources_1
launch_simulation
INFO: [USF-XSim-27] Simulation object is 'sim_1'
INFO: [USF-XSim-37] Inspecting design source files for 'im_tb' in fileset 'sim_1'...
INFO: [USF-XSim-97] Finding global include files...
INFO: [USF-XSim-98] Fetching design files from 'sim_1'...
INFO: [USF-XSim-2] XSim::Compile design
INFO: [USF-XSim-61] Executing 'COMPILE and ANALYZE' step in 'C:/Users/Tim/Google Drive/EECS_645/Homework 5/HW05_MIPS_DM_IM_Elvart/HW05_MIPS_DM_IM_Elvart/03_MIPS_Instruction_Memory/vivado_project/project_2/project_2.sim/sim_1/behav'
"xvhdl -m64 --relax -prj im_tb_vhdl.prj"
INFO: [VRFC 10-163] Analyzing VHDL file "C:/Users/Tim/Google Drive/EECS_645/Homework 5/HW05_MIPS_DM_IM_Elvart/HW05_MIPS_DM_IM_Elvart/03_MIPS_Instruction_Memory/design_sources/im_struct.vhd" into library xil_defaultlib
INFO: [VRFC 10-307] analyzing entity IM
INFO: [VRFC 10-163] Analyzing VHDL file "C:/Users/Tim/Google Drive/EECS_645/Homework 5/HW05_MIPS_DM_IM_Elvart/HW05_MIPS_DM_IM_Elvart/03_MIPS_Instruction_Memory/simulation_sources/im_tb.vhd" into library xil_defaultlib
INFO: [VRFC 10-307] analyzing entity im_tb
INFO: [USF-XSim-69] 'compile' step finished in '1' seconds
INFO: [USF-XSim-3] XSim::Elaborate design
INFO: [USF-XSim-61] Executing 'ELABORATE' step in 'C:/Users/Tim/Google Drive/EECS_645/Homework 5/HW05_MIPS_DM_IM_Elvart/HW05_MIPS_DM_IM_Elvart/03_MIPS_Instruction_Memory/vivado_project/project_2/project_2.sim/sim_1/behav'
Vivado Simulator 2016.2
Copyright 1986-1999, 2001-2016 Xilinx, Inc. All Rights Reserved.
Running: E:/Vivado/Vivado/2016.2/bin/unwrapped/win64.o/xelab.exe -wto 83dd8947be2f4bbaa53decf96b46ea36 --debug typical --relax --mt 2 -L xil_defaultlib -L secureip --snapshot im_tb_behav xil_defaultlib.im_tb -log elaborate.log 
Using 2 slave threads.
Starting static elaboration
Completed static elaboration
Starting simulation data flow analysis
Completed simulation data flow analysis
Time Resolution for simulation is 1ps
Compiling package std.standard
Compiling package ieee.std_logic_1164
Compiling package ieee.std_logic_arith
Compiling package ieee.std_logic_unsigned
Compiling architecture struct_4byte_wide of entity xil_defaultlib.IM [im_default]
Compiling architecture behavior of entity xil_defaultlib.im_tb
Built simulation snapshot im_tb_behav

****** Webtalk v2016.2 (64-bit)
  **** SW Build 1577090 on Thu Jun  2 16:32:40 MDT 2016
  **** IP Build 1577682 on Fri Jun  3 12:00:54 MDT 2016
    ** Copyright 1986-2016 Xilinx, Inc. All Rights Reserved.

source C:/Users/Tim/Google -notrace
couldn't read file "C:/Users/Tim/Google": no such file or directory
INFO: [Common 17-206] Exiting Webtalk at Wed Oct 05 17:01:22 2016...
INFO: [USF-XSim-69] 'elaborate' step finished in '1' seconds
INFO: [USF-XSim-4] XSim::Simulate design
INFO: [USF-XSim-61] Executing 'SIMULATE' step in 'C:/Users/Tim/Google Drive/EECS_645/Homework 5/HW05_MIPS_DM_IM_Elvart/HW05_MIPS_DM_IM_Elvart/03_MIPS_Instruction_Memory/vivado_project/project_2/project_2.sim/sim_1/behav'
INFO: [USF-XSim-98] *** Running xsim
   with args "im_tb_behav -key {Behavioral:sim_1:Functional:im_tb} -tclbatch {im_tb.tcl} -log {simulate.log}"
INFO: [USF-XSim-8] Loading simulator feature
Vivado Simulator 2016.2
Time resolution is 1 ps
source im_tb.tcl
# set curr_wave [current_wave_config]
# if { [string length $curr_wave] == 0 } {
#   if { [llength [get_objects]] > 0} {
#     add_wave /
#     set_property needs_save false [current_wave_config]
#   } else {
#      send_msg_id Add_Wave-1 WARNING "No top level signals found. Simulator will start without a wave window. If you want to open a wave window go to 'File->New Waveform Configuration' or type 'create_wave_config' in the TCL console."
#   }
# }
# run 1000ns
INFO: [USF-XSim-96] XSim completed. Design snapshot 'im_tb_behav' loaded.
INFO: [USF-XSim-97] XSim simulation ran for 1000ns
close_sim
INFO: [Simtcl 6-16] Simulation closed
exit
INFO: [Common 17-206] Exiting Vivado at Wed Oct 05 17:01:42 2016...
