#-----------------------------------------------------------
# Vivado v2016.2 (64-bit)
# SW Build 1577090 on Thu Jun  2 16:32:40 MDT 2016
# IP Build 1577682 on Fri Jun  3 12:00:54 MDT 2016
# Start of session at: Wed Nov 16 23:13:48 2016
# Process ID: 4300
# Current directory: C:/Users/Tim/Google Drive/EECS_645/06_MIPS_Single_Cycle/vivado_project
# Command line: vivado.exe -gui_launcher_event rodinguilauncherevent2968 C:\Users\Tim\Google Drive\EECS_645\06_MIPS_Single_Cycle\vivado_project\vivado_project.xpr
# Log file: C:/Users/Tim/Google Drive/EECS_645/06_MIPS_Single_Cycle/vivado_project/vivado.log
# Journal file: C:/Users/Tim/Google Drive/EECS_645/06_MIPS_Single_Cycle/vivado_project\vivado.jou
#-----------------------------------------------------------
start_gui
open_project -part xc7k70tfbv676-1 {C:/Users/Tim/Google Drive/EECS_645/06_MIPS_Single_Cycle/vivado_project/vivado_project.xpr}
INFO: [Project 1-313] Project file moved from 'H:/EECS_645/Homework 10/HW10_MIPS_Single_Cycle/06_MIPS_Single_Cycle/vivado_project' since last save.
Scanning sources...
Finished scanning sources
INFO: [Project 1-573] Overriding 'synth_1' run's part, 'xc7vx485tffg1157-1', with new part: 'xc7k70tfbv676-1'.
INFO: [Project 1-573] Overriding 'impl_1' run's part, 'xc7vx485tffg1157-1', with new part: 'xc7k70tfbv676-1'.
INFO: [Project 1-563] Overriding project part, 'xc7vx485tffg1157-1', with new part: 'xc7k70tfbv676-1'.
WARNING: [filemgmt 56-2] IPUserFilesDir: Could not find the directory 'C:/Users/Tim/Google Drive/EECS_645/06_MIPS_Single_Cycle/vivado_project/vivado_project.ip_user_files', nor could it be found using path 'H:/EECS_645/Homework 10/HW10_MIPS_Single_Cycle/06_MIPS_Single_Cycle/vivado_project/vivado_project.ip_user_files'.
INFO: [IP_Flow 19-234] Refreshing IP repositories
INFO: [IP_Flow 19-1704] No user IP repositories specified
INFO: [IP_Flow 19-2313] Loaded Vivado IP repository 'E:/Vivado/Vivado/2016.2/data/ip'.
open_project: Time (s): cpu = 00:00:06 ; elapsed = 00:00:09 . Memory (MB): peak = 775.988 ; gain = 106.145
update_compile_order -fileset sources_1
exit
INFO: [Common 17-206] Exiting Vivado at Wed Nov 16 23:14:46 2016...
