#-----------------------------------------------------------
# Vivado v2016.2 (64-bit)
# SW Build 1577090 on Thu Jun  2 16:32:40 MDT 2016
# IP Build 1577682 on Fri Jun  3 12:00:54 MDT 2016
# Start of session at: Fri Nov 18 17:46:26 2016
# Process ID: 7552
# Current directory: C:/Users/Tim/Google Drive/EECS_645/06_MIPS_Single_Cycle_Elvart/vivado_project
# Command line: vivado.exe -gui_launcher_event rodinguilauncherevent7964 C:\Users\Tim\Google Drive\EECS_645\06_MIPS_Single_Cycle_Elvart\vivado_project\vivado_project.xpr
# Log file: C:/Users/Tim/Google Drive/EECS_645/06_MIPS_Single_Cycle_Elvart/vivado_project/vivado.log
# Journal file: C:/Users/Tim/Google Drive/EECS_645/06_MIPS_Single_Cycle_Elvart/vivado_project\vivado.jou
#-----------------------------------------------------------
start_gui
open_project {C:/Users/Tim/Google Drive/EECS_645/06_MIPS_Single_Cycle_Elvart/vivado_project/vivado_project.xpr}
INFO: [Project 1-313] Project file moved from 'C:/Users/Tim/Google Drive/EECS_645/06_MIPS_Single_Cycle/vivado_project' since last save.
Scanning sources...
Finished scanning sources
INFO: [IP_Flow 19-234] Refreshing IP repositories
INFO: [IP_Flow 19-1704] No user IP repositories specified
INFO: [IP_Flow 19-2313] Loaded Vivado IP repository 'E:/Vivado/Vivado/2016.2/data/ip'.
update_compile_order -fileset sources_1
exit
INFO: [Common 17-206] Exiting Vivado at Fri Nov 18 17:47:44 2016...
