Vivado Simulator 2016.2
Copyright 1986-1999, 2001-2016 Xilinx, Inc. All Rights Reserved.
Running: E:/Vivado/Vivado/2016.2/bin/unwrapped/win64.o/xelab.exe -wto 7f234ae6bf1c490b9a949a77f49b2d8c --debug typical --relax --mt 2 -L xil_defaultlib -L secureip --snapshot mips_single_cycle_tb_behav xil_defaultlib.mips_single_cycle_tb -log elaborate.log 
Using 2 slave threads.
Starting static elaboration
Completed static elaboration
Starting simulation data flow analysis
Completed simulation data flow analysis
Time Resolution for simulation is 1ps
Compiling package std.standard
Compiling package ieee.std_logic_1164
Compiling package ieee.std_logic_arith
Compiling package ieee.std_logic_signed
Compiling package ieee.std_logic_unsigned
Compiling architecture behav of entity xil_defaultlib.ALU [alu_default]
Compiling architecture struct of entity xil_defaultlib.ALU_controller [alu_controller_default]
Compiling architecture struct_4byte_wide of entity xil_defaultlib.DM [dm_default]
Compiling architecture struct of entity xil_defaultlib.First_Shift_Left_2 [first_shift_left_2_default]
Compiling architecture struct_4byte_wide of entity xil_defaultlib.IM [im_default]
Compiling architecture struct of entity xil_defaultlib.Main_Control_Unit [main_control_unit_default]
Compiling architecture struct of entity xil_defaultlib.PC_register [pc_register_default]
Compiling architecture struct of entity xil_defaultlib.RegFile [regfile_default]
Compiling architecture struct of entity xil_defaultlib.Second_Shift_Left_2 [second_shift_left_2_default]
Compiling architecture struct of entity xil_defaultlib.adder_first [adder_first_default]
Compiling architecture struct of entity xil_defaultlib.adder_second [adder_second_default]
Compiling architecture struct of entity xil_defaultlib.mux_first [mux_first_default]
Compiling architecture struct of entity xil_defaultlib.mux_second [mux_second_default]
Compiling architecture struct of entity xil_defaultlib.lui_shift_left_16 [lui_shift_left_16_default]
Compiling architecture struct of entity xil_defaultlib.sign_extend [sign_extend_default]
Compiling architecture struct of entity xil_defaultlib.mips_single_cycle [mips_single_cycle_default]
Compiling architecture behavior of entity xil_defaultlib.mips_single_cycle_tb
Built simulation snapshot mips_single_cycle_tb_behav
