#-----------------------------------------------------------
# Vivado v2016.2 (64-bit)
# SW Build 1577090 on Thu Jun  2 16:32:40 MDT 2016
# IP Build 1577682 on Fri Jun  3 12:00:54 MDT 2016
# Start of session at: Thu Oct 06 17:07:11 2016
# Process ID: 8188
# Current directory: C:/Users/Tim/Google Drive/EECS_645/Homework 5/HW05_MIPS_DM_IM_Elvart/02_MIPS_Data_Memory/vivado_project/project_1
# Command line: vivado.exe -gui_launcher_event rodinguilauncherevent4060 C:\Users\Tim\Google Drive\EECS_645\Homework 5\HW05_MIPS_DM_IM_Elvart\02_MIPS_Data_Memory\vivado_project\project_1\project_1.xpr
# Log file: C:/Users/Tim/Google Drive/EECS_645/Homework 5/HW05_MIPS_DM_IM_Elvart/02_MIPS_Data_Memory/vivado_project/project_1/vivado.log
# Journal file: C:/Users/Tim/Google Drive/EECS_645/Homework 5/HW05_MIPS_DM_IM_Elvart/02_MIPS_Data_Memory/vivado_project/project_1\vivado.jou
#-----------------------------------------------------------
start_gui
open_project {C:/Users/Tim/Google Drive/EECS_645/Homework 5/HW05_MIPS_DM_IM_Elvart/02_MIPS_Data_Memory/vivado_project/project_1/project_1.xpr}
INFO: [ProjectBase 1-489] The host OS only allows 260 characters in a normal path. The project is stored in a path with more than 80 characters. If you experience issues with IP, Block Designs, or files not being found, please consider moving the project to a location with a shorter path. Alternately consider using the OS subst command to map part of the path to a drive letter.
Current project path is 'C:/Users/Tim/Google Drive/EECS_645/Homework 5/HW05_MIPS_DM_IM_Elvart/02_MIPS_Data_Memory/vivado_project/project_1'
INFO: [Project 1-313] Project file moved from 'C:/Users/Tim/Google Drive/EECS_645/Homework 5/HW05_MIPS_DM_IM_Elvart/HW05_MIPS_DM_IM_Elvart/02_MIPS_Data_Memory/vivado_project/project_1' since last save.
Scanning sources...
Finished scanning sources
INFO: [IP_Flow 19-234] Refreshing IP repositories
INFO: [IP_Flow 19-1704] No user IP repositories specified
INFO: [IP_Flow 19-2313] Loaded Vivado IP repository 'E:/Vivado/Vivado/2016.2/data/ip'.
open_project: Time (s): cpu = 00:00:08 ; elapsed = 00:00:10 . Memory (MB): peak = 760.547 ; gain = 86.387
update_compile_order -fileset sources_1
launch_simulation
INFO: [USF-XSim-27] Simulation object is 'sim_1'
INFO: [USF-XSim-37] Inspecting design source files for 'DM_tb' in fileset 'sim_1'...
INFO: [USF-XSim-97] Finding global include files...
INFO: [USF-XSim-98] Fetching design files from 'sim_1'...
INFO: [USF-XSim-2] XSim::Compile design
INFO: [USF-XSim-61] Executing 'COMPILE and ANALYZE' step in 'C:/Users/Tim/Google Drive/EECS_645/Homework 5/HW05_MIPS_DM_IM_Elvart/02_MIPS_Data_Memory/vivado_project/project_1/project_1.sim/sim_1/behav'
"xvhdl -m64 --relax -prj DM_tb_vhdl.prj"
INFO: [VRFC 10-163] Analyzing VHDL file "C:/Users/Tim/Google Drive/EECS_645/Homework 5/HW05_MIPS_DM_IM_Elvart/02_MIPS_Data_Memory/design_sources/DM_struct.vhd" into library xil_defaultlib
INFO: [VRFC 10-307] analyzing entity DataMem
INFO: [VRFC 10-163] Analyzing VHDL file "C:/Users/Tim/Google Drive/EECS_645/Homework 5/HW05_MIPS_DM_IM_Elvart/02_MIPS_Data_Memory/simulation_sources/DM_tb.vhd" into library xil_defaultlib
INFO: [VRFC 10-307] analyzing entity DM_tb
INFO: [USF-XSim-69] 'compile' step finished in '1' seconds
INFO: [USF-XSim-3] XSim::Elaborate design
INFO: [USF-XSim-61] Executing 'ELABORATE' step in 'C:/Users/Tim/Google Drive/EECS_645/Homework 5/HW05_MIPS_DM_IM_Elvart/02_MIPS_Data_Memory/vivado_project/project_1/project_1.sim/sim_1/behav'
Vivado Simulator 2016.2
Copyright 1986-1999, 2001-2016 Xilinx, Inc. All Rights Reserved.
Running: E:/Vivado/Vivado/2016.2/bin/unwrapped/win64.o/xelab.exe -wto a5a68b8ebde74facbbb18803624699d6 --debug typical --relax --mt 2 -L xil_defaultlib -L secureip --snapshot DM_tb_behav xil_defaultlib.DM_tb -log elaborate.log 
Using 2 slave threads.
Starting static elaboration
Completed static elaboration
Starting simulation data flow analysis
Completed simulation data flow analysis
Time Resolution for simulation is 1ps
Compiling package std.standard
Compiling package ieee.std_logic_1164
Compiling package ieee.std_logic_arith
Compiling package ieee.std_logic_unsigned
Compiling architecture struct of entity xil_defaultlib.DataMem [datamem_default]
Compiling architecture behavior of entity xil_defaultlib.dm_tb
Built simulation snapshot DM_tb_behav

****** Webtalk v2016.2 (64-bit)
  **** SW Build 1577090 on Thu Jun  2 16:32:40 MDT 2016
  **** IP Build 1577682 on Fri Jun  3 12:00:54 MDT 2016
    ** Copyright 1986-2016 Xilinx, Inc. All Rights Reserved.

source C:/Users/Tim/Google -notrace
couldn't read file "C:/Users/Tim/Google": no such file or directory
INFO: [Common 17-206] Exiting Webtalk at Thu Oct 06 17:08:27 2016...
run_program: Time (s): cpu = 00:00:00 ; elapsed = 00:00:05 . Memory (MB): peak = 832.691 ; gain = 0.000
INFO: [USF-XSim-69] 'elaborate' step finished in '6' seconds
INFO: [USF-XSim-4] XSim::Simulate design
INFO: [USF-XSim-61] Executing 'SIMULATE' step in 'C:/Users/Tim/Google Drive/EECS_645/Homework 5/HW05_MIPS_DM_IM_Elvart/02_MIPS_Data_Memory/vivado_project/project_1/project_1.sim/sim_1/behav'
INFO: [USF-XSim-98] *** Running xsim
   with args "DM_tb_behav -key {Behavioral:sim_1:Functional:DM_tb} -tclbatch {DM_tb.tcl} -log {simulate.log}"
INFO: [USF-XSim-8] Loading simulator feature
Vivado Simulator 2016.2
Time resolution is 1 ps
source DM_tb.tcl
# set curr_wave [current_wave_config]
# if { [string length $curr_wave] == 0 } {
#   if { [llength [get_objects]] > 0} {
#     add_wave /
#     set_property needs_save false [current_wave_config]
#   } else {
#      send_msg_id Add_Wave-1 WARNING "No top level signals found. Simulator will start without a wave window. If you want to open a wave window go to 'File->New Waveform Configuration' or type 'create_wave_config' in the TCL console."
#   }
# }
# run 1000ns
INFO: [USF-XSim-96] XSim completed. Design snapshot 'DM_tb_behav' loaded.
INFO: [USF-XSim-97] XSim simulation ran for 1000ns
launch_simulation: Time (s): cpu = 00:00:03 ; elapsed = 00:00:09 . Memory (MB): peak = 854.426 ; gain = 21.734
add_wave {{/DM_tb/uut/data_mem}} 
restart
INFO: [Simtcl 6-17] Simulation restarted
run 1000 ns
save_wave_config {C:/Users/Tim/Google Drive/EECS_645/Homework 5/HW05_MIPS_DM_IM_Elvart/02_MIPS_Data_Memory/vivado_project/project_1/DM_tb_behav.wcfg}
close_sim
INFO: [Simtcl 6-16] Simulation closed
exit
INFO: [Common 17-206] Exiting Vivado at Thu Oct 06 17:12:31 2016...
