INFO: [VRFC 10-163] Analyzing VHDL file "C:/Users/Tim/Google Drive/EECS_645/Final_Project_MIPS_Single_Cycle_Elvart/07_MIPS_Single_Cycle/design_sources/incomplete/sign_extend.vhd" into library xil_defaultlib
INFO: [VRFC 10-307] analyzing entity sign_extend
INFO: [VRFC 10-163] Analyzing VHDL file "C:/Users/Tim/Google Drive/EECS_645/Final_Project_MIPS_Single_Cycle_Elvart/07_MIPS_Single_Cycle/design_sources/complete/second_shift_left_2.vhd" into library xil_defaultlib
INFO: [VRFC 10-307] analyzing entity Second_Shift_Left_2
INFO: [VRFC 10-163] Analyzing VHDL file "C:/Users/Tim/Google Drive/EECS_645/Final_Project_MIPS_Single_Cycle_Elvart/07_MIPS_Single_Cycle/design_sources/incomplete/regfile.vhd" into library xil_defaultlib
INFO: [VRFC 10-307] analyzing entity RegFile
INFO: [VRFC 10-163] Analyzing VHDL file "C:/Users/Tim/Google Drive/EECS_645/Final_Project_MIPS_Single_Cycle_Elvart/07_MIPS_Single_Cycle/design_sources/incomplete/pc_register.vhd" into library xil_defaultlib
INFO: [VRFC 10-307] analyzing entity PC_register
INFO: [VRFC 10-163] Analyzing VHDL file "C:/Users/Tim/Google Drive/EECS_645/Final_Project_MIPS_Single_Cycle_Elvart/07_MIPS_Single_Cycle/design_sources/complete/mux_second.vhd" into library xil_defaultlib
INFO: [VRFC 10-307] analyzing entity mux_second
INFO: [VRFC 10-163] Analyzing VHDL file "C:/Users/Tim/Google Drive/EECS_645/Final_Project_MIPS_Single_Cycle_Elvart/07_MIPS_Single_Cycle/design_sources/complete/mux_first.vhd" into library xil_defaultlib
INFO: [VRFC 10-307] analyzing entity mux_first
INFO: [VRFC 10-163] Analyzing VHDL file "C:/Users/Tim/Google Drive/EECS_645/Final_Project_MIPS_Single_Cycle_Elvart/07_MIPS_Single_Cycle/design_sources/incomplete/mips_cu_behav.vhd" into library xil_defaultlib
INFO: [VRFC 10-307] analyzing entity Main_Control_Unit
INFO: [VRFC 10-163] Analyzing VHDL file "C:/Users/Tim/Google Drive/EECS_645/Final_Project_MIPS_Single_Cycle_Elvart/07_MIPS_Single_Cycle/design_sources/incomplete/im_4byte_wide.vhd" into library xil_defaultlib
INFO: [VRFC 10-307] analyzing entity IM
INFO: [VRFC 10-163] Analyzing VHDL file "C:/Users/Tim/Google Drive/EECS_645/Final_Project_MIPS_Single_Cycle_Elvart/07_MIPS_Single_Cycle/design_sources/complete/first_shift_left_2.vhd" into library xil_defaultlib
INFO: [VRFC 10-307] analyzing entity First_Shift_Left_2
INFO: [VRFC 10-163] Analyzing VHDL file "C:/Users/Tim/Google Drive/EECS_645/Final_Project_MIPS_Single_Cycle_Elvart/07_MIPS_Single_Cycle/design_sources/incomplete/dm_4byte_wide.vhd" into library xil_defaultlib
INFO: [VRFC 10-307] analyzing entity DM
INFO: [VRFC 10-163] Analyzing VHDL file "C:/Users/Tim/Google Drive/EECS_645/Final_Project_MIPS_Single_Cycle_Elvart/07_MIPS_Single_Cycle/design_sources/incomplete/alu_controller.vhd" into library xil_defaultlib
INFO: [VRFC 10-307] analyzing entity ALU_controller
INFO: [VRFC 10-163] Analyzing VHDL file "C:/Users/Tim/Google Drive/EECS_645/Final_Project_MIPS_Single_Cycle_Elvart/07_MIPS_Single_Cycle/design_sources/complete/alu.vhd" into library xil_defaultlib
INFO: [VRFC 10-307] analyzing entity ALU
INFO: [VRFC 10-163] Analyzing VHDL file "C:/Users/Tim/Google Drive/EECS_645/Final_Project_MIPS_Single_Cycle_Elvart/07_MIPS_Single_Cycle/design_sources/complete/adder_second.vhd" into library xil_defaultlib
INFO: [VRFC 10-307] analyzing entity adder_second
INFO: [VRFC 10-163] Analyzing VHDL file "C:/Users/Tim/Google Drive/EECS_645/Final_Project_MIPS_Single_Cycle_Elvart/07_MIPS_Single_Cycle/design_sources/complete/adder_first.vhd" into library xil_defaultlib
INFO: [VRFC 10-307] analyzing entity adder_first
INFO: [VRFC 10-163] Analyzing VHDL file "C:/Users/Tim/Google Drive/EECS_645/Final_Project_MIPS_Single_Cycle_Elvart/07_MIPS_Single_Cycle/design_sources/incomplete/mips_single_cycle_struct.vhd" into library xil_defaultlib
INFO: [VRFC 10-307] analyzing entity mips_single_cycle
INFO: [VRFC 10-163] Analyzing VHDL file "C:/Users/Tim/Google Drive/EECS_645/Final_Project_MIPS_Single_Cycle_Elvart/07_MIPS_Single_Cycle/simulation_sources/mips_single_cycle_tb.vhd" into library xil_defaultlib
INFO: [VRFC 10-307] analyzing entity mips_single_cycle_tb
