Unable to capture context for thread 3224 in process 2056, can not generate back trace
Unable to capture context for thread 1232 in process 2056, can not generate back trace
Exception at PC 0x000007FEFD41A06D
Exception at PC 0x000007FEFD41A06D
Exception at PC 0x000007FEFD41A06D
Exception at PC 0x000007FEFD41A06D
Exception at PC 0x000007FEFD41A06D
Unable to capture context for thread 5992 in process 2056, can not generate back trace
Exception at PC 0x000007FEBA6DBB93
Printing stacktrace...

Exception at PC 0x000007FEFD41A06D
Exception at PC 0x000007FEFD41A06D
Exception at PC 0x000007FEFD41A06D
Exception at PC 0x000007FEFD41A06D
Exception at PC 0x000007FEFD41A06D
Exception at PC 0x000007FEFD41A06D
Exception at PC 0x000007FEFD41A06D
Exception at PC 0x000007FEFD41A06D
Exception at PC 0x000007FEFD41A06D
Exception at PC 0x000007FEFD41A06D
Exception at PC 0x000007FEFD41A06D
Exception at PC 0x000007FEFD41A06D
Exception at PC 0x000007FEFD41A06D
[0]  [0x000007FEBA6DBB93]
[1]  [0x000007FEBA6DBB93]
[2]  [0x000007FEBA6DB4A1]
[3]  [0x000007FEBA6DB3EF]
[4]  [0x000007FEBA6C19FE]
[5]  [0x000007FEBA6C0ED1]
[6]  [0x000007FEBA6C0D76]
[7]  [0x000007FEBA6679F6]
[8]  [0x000007FEBA657AFB]
[9]  [0x000007FEBA77E90A]
[10]  [0x000007FEBA799F87]
[11]  [0x000007FEBA79A05F]
[12] (BaseThreadInitThunk+0xd) [0x00000000771C59CD]
[13] (RtlUserThreadStart+0x21) [0x00000000773FA2E1]
Done
