Unable to capture context for thread 4640 in process 6484, can not generate back trace
Exception at PC 0x000007FEFCD3A06D
Exception at PC 0x000007FEFCD3A06D
Exception at PC 0x000007FEFCD3A06D
Exception at PC 0x000007FEFCD3A06D
Exception at PC 0x000007FEFCD3A06D
Exception at PC 0x000007FEB38DBB93
Printing stacktrace...

Unable to capture context for thread 3536 in process 6484, can not generate back trace
Exception at PC 0x000007FEFCD3A06D
Exception at PC 0x000007FEFCD3A06D
Exception at PC 0x000007FEFCD3A06D
Exception at PC 0x000007FEFCD3A06D
Exception at PC 0x000007FEFCD3A06D
Exception at PC 0x000007FEFCD3A06D
Exception at PC 0x000007FEFCD3A06D
Exception at PC 0x000007FEFCD3A06D
Exception at PC 0x000007FEFCD3A06D
Exception at PC 0x000007FEFCD3A06D
Exception at PC 0x000007FEFCD3A06D
Exception at PC 0x000007FEFCD3A06D
Exception at PC 0x000007FEFCD3A06D
[0]  [0x000007FEB38DBB93]
[1]  [0x000007FEB38DBB93]
[2]  [0x000007FEB38DB4A1]
[3]  [0x000007FEB38DB3EF]
[4]  [0x000007FEB38C19FE]
[5]  [0x000007FEB38C0ED1]
[6]  [0x000007FEB38C0D76]
[7]  [0x000007FEB38679F6]
[8]  [0x000007FEB3857AFB]
[9]  [0x000007FEB397E90A]
[10]  [0x000007FEB3999F87]
[11]  [0x000007FEB399A05F]
[12] (BaseThreadInitThunk+0xd) [0x0000000076BA59CD]
[13] (RtlUserThreadStart+0x21) [0x0000000076CDA2E1]
Done
